INFO: [VRFC 10-2263] Analyzing Verilog file "F:/Onedrive/VivadoPrj/AXI4LiteMaster_singleRW_useFIFO/myAXI4LiteMasterV1.srcs/sources_1/new/AXI4LiteMaster_singleRW_useFIFO_wrapper.v" into library xil_defaultlib
INFO: [VRFC 10-311] analyzing module AXI4LiteMaster_singleRW_useFIFO_wrapper
INFO: [VRFC 10-2263] Analyzing Verilog file "F:/Onedrive/VivadoPrj/AXI4LiteMaster_singleRW_useFIFO/myAXI4LiteMasterV1.ip_user_files/bd/AXI4Lite_singleRW_sys/ip/AXI4Lite_singleRW_sys_fifo_generator_0_0/sim/AXI4Lite_singleRW_sys_fifo_generator_0_0.v" into library xil_defaultlib
INFO: [VRFC 10-311] analyzing module AXI4Lite_singleRW_sys_fifo_generator_0_0
INFO: [VRFC 10-2263] Analyzing Verilog file "F:/Onedrive/VivadoPrj/AXI4LiteMaster_singleRW_useFIFO/myAXI4LiteMasterV1.ip_user_files/bd/AXI4Lite_singleRW_sys/ip/AXI4Lite_singleRW_sys_blk_mem_gen_0_0/sim/AXI4Lite_singleRW_sys_blk_mem_gen_0_0.v" into library xil_defaultlib
INFO: [VRFC 10-311] analyzing module AXI4Lite_singleRW_sys_blk_mem_gen_0_0
INFO: [VRFC 10-2263] Analyzing Verilog file "F:/Onedrive/VivadoPrj/AXI4LiteMaster_singleRW_useFIFO/myAXI4LiteMasterV1.ip_user_files/bd/AXI4Lite_singleRW_sys/ip/AXI4Lite_singleRW_sys_util_vector_logic_0_0/sim/AXI4Lite_singleRW_sys_util_vector_logic_0_0.v" into library xil_defaultlib
INFO: [VRFC 10-311] analyzing module AXI4Lite_singleRW_sys_util_vector_logic_0_0
INFO: [VRFC 10-2263] Analyzing Verilog file "F:/Onedrive/VivadoPrj/AXI4LiteMaster_singleRW_useFIFO/myAXI4LiteMasterV1.ip_user_files/bd/AXI4Lite_singleRW_sys/ip/AXI4Lite_singleRW_sys_smartconnect_0_0/bd_0/sim/bd_48f7.v" into library xil_defaultlib
INFO: [VRFC 10-311] analyzing module bd_48f7
INFO: [VRFC 10-311] analyzing module clk_map_imp_1W56Y6I
INFO: [VRFC 10-311] analyzing module m00_exit_pipeline_imp_3O0QXD
INFO: [VRFC 10-311] analyzing module s00_entry_pipeline_imp_13FL2S2
INFO: [VRFC 10-311] analyzing module s00_nodes_imp_176RTQG
INFO: [VRFC 10-2263] Analyzing Verilog file "F:/Onedrive/VivadoPrj/AXI4LiteMaster_singleRW_useFIFO/myAXI4LiteMasterV1.ip_user_files/bd/AXI4Lite_singleRW_sys/ip/AXI4Lite_singleRW_sys_smartconnect_0_0/bd_0/ip/ip_0/sim/bd_48f7_one_0.v" into library xil_defaultlib
INFO: [VRFC 10-311] analyzing module bd_48f7_one_0
INFO: [VRFC 10-2263] Analyzing SystemVerilog file "F:/Onedrive/VivadoPrj/AXI4LiteMaster_singleRW_useFIFO/myAXI4LiteMasterV1.ip_user_files/bd/AXI4Lite_singleRW_sys/ip/AXI4Lite_singleRW_sys_smartconnect_0_0/bd_0/ip/ip_2/sim/bd_48f7_s00mmu_0.sv" into library xil_defaultlib
INFO: [VRFC 10-311] analyzing module bd_48f7_s00mmu_0
INFO: [VRFC 10-2263] Analyzing SystemVerilog file "F:/Onedrive/VivadoPrj/AXI4LiteMaster_singleRW_useFIFO/myAXI4LiteMasterV1.ip_user_files/bd/AXI4Lite_singleRW_sys/ip/AXI4Lite_singleRW_sys_smartconnect_0_0/bd_0/ip/ip_3/sim/bd_48f7_s00tr_0.sv" into library xil_defaultlib
INFO: [VRFC 10-311] analyzing module bd_48f7_s00tr_0
INFO: [VRFC 10-2263] Analyzing SystemVerilog file "F:/Onedrive/VivadoPrj/AXI4LiteMaster_singleRW_useFIFO/myAXI4LiteMasterV1.ip_user_files/bd/AXI4Lite_singleRW_sys/ip/AXI4Lite_singleRW_sys_smartconnect_0_0/bd_0/ip/ip_4/sim/bd_48f7_s00sic_0.sv" into library xil_defaultlib
INFO: [VRFC 10-311] analyzing module bd_48f7_s00sic_0
INFO: [VRFC 10-2263] Analyzing SystemVerilog file "F:/Onedrive/VivadoPrj/AXI4LiteMaster_singleRW_useFIFO/myAXI4LiteMasterV1.ip_user_files/bd/AXI4Lite_singleRW_sys/ip/AXI4Lite_singleRW_sys_smartconnect_0_0/bd_0/ip/ip_5/sim/bd_48f7_s00a2s_0.sv" into library xil_defaultlib
INFO: [VRFC 10-311] analyzing module bd_48f7_s00a2s_0
INFO: [VRFC 10-2263] Analyzing SystemVerilog file "F:/Onedrive/VivadoPrj/AXI4LiteMaster_singleRW_useFIFO/myAXI4LiteMasterV1.ip_user_files/bd/AXI4Lite_singleRW_sys/ip/AXI4Lite_singleRW_sys_smartconnect_0_0/bd_0/ip/ip_6/sim/bd_48f7_sarn_0.sv" into library xil_defaultlib
INFO: [VRFC 10-311] analyzing module bd_48f7_sarn_0
INFO: [VRFC 10-2263] Analyzing SystemVerilog file "F:/Onedrive/VivadoPrj/AXI4LiteMaster_singleRW_useFIFO/myAXI4LiteMasterV1.ip_user_files/bd/AXI4Lite_singleRW_sys/ip/AXI4Lite_singleRW_sys_smartconnect_0_0/bd_0/ip/ip_7/sim/bd_48f7_srn_0.sv" into library xil_defaultlib
INFO: [VRFC 10-311] analyzing module bd_48f7_srn_0
INFO: [VRFC 10-2263] Analyzing SystemVerilog file "F:/Onedrive/VivadoPrj/AXI4LiteMaster_singleRW_useFIFO/myAXI4LiteMasterV1.ip_user_files/bd/AXI4Lite_singleRW_sys/ip/AXI4Lite_singleRW_sys_smartconnect_0_0/bd_0/ip/ip_8/sim/bd_48f7_sawn_0.sv" into library xil_defaultlib
INFO: [VRFC 10-311] analyzing module bd_48f7_sawn_0
INFO: [VRFC 10-2263] Analyzing SystemVerilog file "F:/Onedrive/VivadoPrj/AXI4LiteMaster_singleRW_useFIFO/myAXI4LiteMasterV1.ip_user_files/bd/AXI4Lite_singleRW_sys/ip/AXI4Lite_singleRW_sys_smartconnect_0_0/bd_0/ip/ip_9/sim/bd_48f7_swn_0.sv" into library xil_defaultlib
INFO: [VRFC 10-311] analyzing module bd_48f7_swn_0
INFO: [VRFC 10-2263] Analyzing SystemVerilog file "F:/Onedrive/VivadoPrj/AXI4LiteMaster_singleRW_useFIFO/myAXI4LiteMasterV1.ip_user_files/bd/AXI4Lite_singleRW_sys/ip/AXI4Lite_singleRW_sys_smartconnect_0_0/bd_0/ip/ip_10/sim/bd_48f7_sbn_0.sv" into library xil_defaultlib
INFO: [VRFC 10-311] analyzing module bd_48f7_sbn_0
INFO: [VRFC 10-2263] Analyzing SystemVerilog file "F:/Onedrive/VivadoPrj/AXI4LiteMaster_singleRW_useFIFO/myAXI4LiteMasterV1.ip_user_files/bd/AXI4Lite_singleRW_sys/ip/AXI4Lite_singleRW_sys_smartconnect_0_0/bd_0/ip/ip_11/sim/bd_48f7_m00s2a_0.sv" into library xil_defaultlib
INFO: [VRFC 10-311] analyzing module bd_48f7_m00s2a_0
INFO: [VRFC 10-2263] Analyzing SystemVerilog file "F:/Onedrive/VivadoPrj/AXI4LiteMaster_singleRW_useFIFO/myAXI4LiteMasterV1.ip_user_files/bd/AXI4Lite_singleRW_sys/ip/AXI4Lite_singleRW_sys_smartconnect_0_0/bd_0/ip/ip_12/sim/bd_48f7_m00e_0.sv" into library xil_defaultlib
INFO: [VRFC 10-311] analyzing module bd_48f7_m00e_0
INFO: [VRFC 10-2263] Analyzing Verilog file "F:/Onedrive/VivadoPrj/AXI4LiteMaster_singleRW_useFIFO/myAXI4LiteMasterV1.ip_user_files/bd/AXI4Lite_singleRW_sys/ip/AXI4Lite_singleRW_sys_smartconnect_0_0/sim/AXI4Lite_singleRW_sys_smartconnect_0_0.v" into library xil_defaultlib
INFO: [VRFC 10-311] analyzing module AXI4Lite_singleRW_sys_smartconnect_0_0
INFO: [VRFC 10-2263] Analyzing Verilog file "F:/Onedrive/VivadoPrj/AXI4LiteMaster_singleRW_useFIFO/myAXI4LiteMasterV1.ip_user_files/bd/AXI4Lite_singleRW_sys/ip/AXI4Lite_singleRW_sys_AXI4LiteMaster_singl_0_1/sim/AXI4Lite_singleRW_sys_AXI4LiteMaster_singl_0_1.v" into library xil_defaultlib
INFO: [VRFC 10-311] analyzing module AXI4Lite_singleRW_sys_AXI4LiteMaster_singl_0_1
INFO: [VRFC 10-2263] Analyzing Verilog file "F:/Onedrive/VivadoPrj/AXI4LiteMaster_singleRW_useFIFO/myAXI4LiteMasterV1.ip_user_files/bd/AXI4Lite_singleRW_sys/sim/AXI4Lite_singleRW_sys.v" into library xil_defaultlib
INFO: [VRFC 10-311] analyzing module AXI4Lite_singleRW_sys
INFO: [VRFC 10-2263] Analyzing Verilog file "F:/Onedrive/VivadoPrj/AXI4LiteMaster_singleRW_useFIFO/myAXI4LiteMasterV1.gen/sources_1/bd/AXI4Lite_singleRW_sys/hdl/AXI4Lite_singleRW_sys_wrapper.v" into library xil_defaultlib
INFO: [VRFC 10-311] analyzing module AXI4Lite_singleRW_sys_wrapper
INFO: [VRFC 10-163] Analyzing VHDL file "F:/Onedrive/VivadoPrj/AXI4LiteMaster_singleRW_useFIFO/myAXI4LiteMasterV1.ip_user_files/bd/AXI4Lite_singleRW_sys/ip/AXI4Lite_singleRW_sys_smartconnect_0_0/bd_0/ip/ip_1/sim/bd_48f7_psr_aclk_0.vhd" into library xil_defaultlib
INFO: [VRFC 10-3107] analyzing entity 'bd_48f7_psr_aclk_0'
