#######################################################################################
# log primitive debug message of FSDB dumping                                         #
# This is for R&D to analyze when there are issues happening when FSDB dump           #
#######################################################################################
ANF: vcsd_get_serial_mode_status('./simv: undefined symbol: vcsd_get_serial_mode_status')
ANF: vcsd_enable_sva_success_callback('./simv: undefined symbol: vcsd_enable_sva_success_callback')
ANF: vcsd_disable_sva_success_callback('./simv: undefined symbol: vcsd_disable_sva_success_callback')
ANF: vcsd_get_power_scope_name('./simv: undefined symbol: vcsd_get_power_scope_name')
ANF: vcsd_begin_no_value_var_info('./simv: undefined symbol: vcsd_begin_no_value_var_info')
ANF: vcsd_end_no_value_var_info('./simv: undefined symbol: vcsd_end_no_value_var_info')
ANF: vcsd_remove_xprop_merge_mode_callback('./simv: undefined symbol: vcsd_remove_xprop_merge_mode_callback')
ANF: vhpi_get_cb_info('./simv: undefined symbol: vhpi_get_cb_info')
ANF: vhpi_free_handle('./simv: undefined symbol: vhpi_free_handle')
ANF: vhpi_fetch_vcsd_handle('./simv: undefined symbol: vhpi_fetch_vcsd_handle')
ANF: vhpi_fetch_vpi_handle('./simv: undefined symbol: vhpi_fetch_vpi_handle')
ANF: vhpi_has_verilog_parent('./simv: undefined symbol: vhpi_has_verilog_parent')
ANF: vhpi_is_verilog_scope('./simv: undefined symbol: vhpi_is_verilog_scope')
ANF: scsd_xprop_is_enabled('./simv: undefined symbol: scsd_xprop_is_enabled')
ANF: scsd_xprop_sig_is_promoted('./simv: undefined symbol: scsd_xprop_sig_is_promoted')
ANF: scsd_xprop_int_xvalue('./simv: undefined symbol: scsd_xprop_int_xvalue')
ANF: scsd_xprop_bool_xvalue('./simv: undefined symbol: scsd_xprop_bool_xvalue')
ANF: scsd_xprop_enum_xvalue('./simv: undefined symbol: scsd_xprop_enum_xvalue')
ANF: scsd_xprop_register_merge_mode_cb('./simv: undefined symbol: scsd_xprop_register_merge_mode_cb')
ANF: scsd_xprop_delete_merge_mode_cb('./simv: undefined symbol: scsd_xprop_delete_merge_mode_cb')
ANF: scsd_xprop_get_merge_mode('./simv: undefined symbol: scsd_xprop_get_merge_mode')
ANF: scsd_thread_get_info('./simv: undefined symbol: scsd_thread_get_info')
ANF: scsd_thread_vc_init('./simv: undefined symbol: scsd_thread_vc_init')
ANF: scsd_master_set_delta_sync_cbk('./simv: undefined symbol: scsd_master_set_delta_sync_cbk')
ANF: scsd_fgp_get_fsdb_cores('./simv: undefined symbol: scsd_fgp_get_fsdb_cores')
ANF: msvEnableDumpingMode('./simv: undefined symbol: msvEnableDumpingMode')
ANF: msvGetVersion('./simv: undefined symbol: msvGetVersion')
ANF: msvGetInstProp('./simv: undefined symbol: msvGetInstProp')
ANF: msvIsSpiceEngineReady('./simv: undefined symbol: msvIsSpiceEngineReady')
ANF: msvSetAddProbeCallback('./simv: undefined symbol: msvSetAddProbeCallback')
ANF: msvGetInstHandle('./simv: undefined symbol: msvGetInstHandle')
ANF: msvGetProbeByInst('./simv: undefined symbol: msvGetProbeByInst')
ANF: msvGetSigHandle('./simv: undefined symbol: msvGetSigHandle')
ANF: msvGetProbeBySig('./simv: undefined symbol: msvGetProbeBySig')
ANF: msvGetProbeInfo('./simv: undefined symbol: msvGetProbeInfo')
ANF: msvRelease('./simv: undefined symbol: msvRelease')
ANF: msvSetVcCallbackFunc('./simv: undefined symbol: msvSetVcCallbackFunc')
ANF: msvCheckVcCallback('./simv: undefined symbol: msvCheckVcCallback')
ANF: msvAddVcCallback('./simv: undefined symbol: msvAddVcCallback')
ANF: msvRemoveVcCallback('./simv: undefined symbol: msvRemoveVcCallback')
ANF: msvGetLatestValue('./simv: undefined symbol: msvGetLatestValue')
ANF: msvSetEndofSimCallback('./simv: undefined symbol: msvSetEndofSimCallback')
ANF: msvIgnoredProbe('./simv: undefined symbol: msvIgnoredProbe')
ANF: msvGetThruNetInfo('./simv: undefined symbol: msvGetThruNetInfo')
ANF: msvFreeThruNetInfo('./simv: undefined symbol: msvFreeThruNetInfo')
ANF: PI_ace_get_output_time_unit('./simv: undefined symbol: PI_ace_get_output_time_unit')
ANF: PI_ace_sim_sync('./simv: undefined symbol: PI_ace_sim_sync')
ANF: msvGetRereadInitFile('./simv: undefined symbol: msvGetRereadInitFile')
ANF: msvSetBeforeRereadCallback('./simv: undefined symbol: msvSetBeforeRereadCallback')
ANF: msvSetAfterRereadCallback('./simv: undefined symbol: msvSetAfterRereadCallback')
ANF: msvSetForceCallback('./simv: undefined symbol: msvSetForceCallback')
ANF: msvSetReleaseCallback('./simv: undefined symbol: msvSetReleaseCallback')
ANF: msvGetForceStatus('./simv: undefined symbol: msvGetForceStatus')
ANF: vhdi_dt_get_type('./simv: undefined symbol: vhdi_dt_get_type')
ANF: vhdi_dt_get_key('./simv: undefined symbol: vhdi_dt_get_key')
ANF: vhdi_dt_get_vhdl_enum_info('./simv: undefined symbol: vhdi_dt_get_vhdl_enum_info')
ANF: vhdi_dt_get_vhdl_physical_info('./simv: undefined symbol: vhdi_dt_get_vhdl_physical_info')
ANF: vhdi_dt_get_vhdl_array_info('./simv: undefined symbol: vhdi_dt_get_vhdl_array_info')
ANF: vhdi_dt_get_vhdl_record_info('./simv: undefined symbol: vhdi_dt_get_vhdl_record_info')
ANF: vhdi_def_traverse_module('./simv: undefined symbol: vhdi_def_traverse_module')
ANF: vhdi_def_traverse_scope('./simv: undefined symbol: vhdi_def_traverse_scope')
ANF: vhdi_def_traverse_variable('./simv: undefined symbol: vhdi_def_traverse_variable')
ANF: vhdi_def_get_module_id_by_vhpi('./simv: undefined symbol: vhdi_def_get_module_id_by_vhpi')
ANF: vhdi_def_get_handle_by_module_id('./simv: undefined symbol: vhdi_def_get_handle_by_module_id')
ANF: vhdi_def_get_variable_info_by_vhpi('./simv: undefined symbol: vhdi_def_get_variable_info_by_vhpi')
ANF: vhdi_def_free('./simv: undefined symbol: vhdi_def_free')
ANF: vhdi_ist_traverse_scope('./simv: undefined symbol: vhdi_ist_traverse_scope')
ANF: vhdi_ist_traverse_variable('./simv: undefined symbol: vhdi_ist_traverse_variable')
ANF: vhdi_ist_convert_by_vhpi('./simv: undefined symbol: vhdi_ist_convert_by_vhpi')
ANF: vhdi_ist_clone('./simv: undefined symbol: vhdi_ist_clone')
ANF: vhdi_ist_free('./simv: undefined symbol: vhdi_ist_free')
ANF: vhdi_ist_hash_key('./simv: undefined symbol: vhdi_ist_hash_key')
ANF: vhdi_ist_compare('./simv: undefined symbol: vhdi_ist_compare')
ANF: vhdi_ist_get_value_addr('./simv: undefined symbol: vhdi_ist_get_value_addr')
ANF: vhdi_set_scsd_callback('./simv: undefined symbol: vhdi_set_scsd_callback')
ANF: vhdi_cbk_set_force_callback('./simv: undefined symbol: vhdi_cbk_set_force_callback')
ANF: vhdi_trigger_init_force('./simv: undefined symbol: vhdi_trigger_init_force')
ANF: vhdi_ist_check_scsd_callback('./simv: undefined symbol: vhdi_ist_check_scsd_callback')
ANF: vhdi_ist_add_scsd_callback('./simv: undefined symbol: vhdi_ist_add_scsd_callback')
ANF: vhdi_ist_remove_scsd_callback('./simv: undefined symbol: vhdi_ist_remove_scsd_callback')
ANF: vhdi_ist_get_scsd_user_data('./simv: undefined symbol: vhdi_ist_get_scsd_user_data')
ANF: vhdi_add_time_change_callback('./simv: undefined symbol: vhdi_add_time_change_callback')
ANF: vhdi_get_real_value_by_value_addr('./simv: undefined symbol: vhdi_get_real_value_by_value_addr')
ANF: vhdi_get_64_value_by_value_addr('./simv: undefined symbol: vhdi_get_64_value_by_value_addr')
ANF: vhdi_xprop_inst_is_promoted('./simv: undefined symbol: vhdi_xprop_inst_is_promoted')
ANF: vdi_ist_convert_by_vhdi('./simv: undefined symbol: vdi_ist_convert_by_vhdi')
ANF: vhdi_ist_get_module_id('./simv: undefined symbol: vhdi_ist_get_module_id')
ANF: vhdi_refine_foreign_scope_type('./simv: undefined symbol: vhdi_refine_foreign_scope_type')
ANF: vhdi_flush_callback('./simv: undefined symbol: vhdi_flush_callback')
ANF: vhdi_set_orig_name('./simv: undefined symbol: vhdi_set_orig_name')
ANF: vhdi_set_dump_pt('./simv: undefined symbol: vhdi_set_dump_pt')
ANF: vhdi_get_fsdb_option('./simv: undefined symbol: vhdi_get_fsdb_option')
ANF: vhdi_fgp_get_mode('./simv: undefined symbol: vhdi_fgp_get_mode')
ANF: vhdi_node_register_composite_var('./simv: undefined symbol: vhdi_node_register_composite_var')
ANF: vhdi_node_analysis('./simv: undefined symbol: vhdi_node_analysis')
ANF: vhdi_node_id('./simv: undefined symbol: vhdi_node_id')
ANF: vhdi_node_ist_check_scsd_callback('./simv: undefined symbol: vhdi_node_ist_check_scsd_callback')
ANF: vhdi_node_ist_add_scsd_callback('./simv: undefined symbol: vhdi_node_ist_add_scsd_callback')
ANF: vhdi_node_ist_get_value_addr('./simv: undefined symbol: vhdi_node_ist_get_value_addr')
VCS compile option:
 option[0]: ./simv
 option[1]: +fsdbfile+top_tb.fsdb
 option[2]: -cm
 option[3]: line+cond+tgl+fsm
 option[4]: -l
 option[5]: sim.log
 option[6]: /opt/eda/snps/vcs/R-2020.12-SP1/linux64/bin/vcs1
 option[7]: -Mcc=gcc
 option[8]: -Mcplusplus=g++
 option[9]: -Masflags=
 option[10]: -Mcfl= -pipe -fPIC -O -I/opt/eda/snps/vcs/R-2020.12-SP1/include 
 option[11]: -Mxllcflags=
 option[12]: -Mxcflags= -pipe -fPIC -I/opt/eda/snps/vcs/R-2020.12-SP1/include
 option[13]: -Mldflags= -rdynamic 
 option[14]: -Mout=simv
 option[15]: -Mamsrun=
 option[16]: -Mvcsaceobjs=
 option[17]: -Mobjects= /opt/eda/snps/vcs/R-2020.12-SP1/linux64/lib/libvirsim.so /opt/eda/snps/vcs/R-2020.12-SP1/linux64/lib/liberrorinf.so /opt/eda/snps/vcs/R-2020.12-SP1/linux64/lib/libsnpsmalloc.so /opt/eda/snps/vcs/R-2020.12-SP1/linux64/lib/libvfs.so /opt/eda/snps/verdi/P-2019.06-SP1-1/share/PLI/VCS/LINUX64/pli.a 
 option[18]: -Mexternalobj=
 option[19]: -Msaverestoreobj=/opt/eda/snps/vcs/R-2020.12-SP1/linux64/lib/vcs_save_restore_new.o
 option[20]: -Mcrt0=
 option[21]: -Mcrtn=
 option[22]: -Mcsrc=
 option[23]: -Msyslibs=/opt/eda/snps/verdi/P-2019.06-SP1-1/share/PLI/VCS/LINUX64/pli.a -ldl -lm 
 option[24]: -l
 option[25]: comp.log
 option[26]: -full64
 option[27]: -debug_access
 option[28]: +vpi
 option[29]: +vcsd1
 option[30]: +itf+/opt/eda/snps/vcs/R-2020.12-SP1/linux64/lib/vcsdp_lite.tab
 option[31]: -kdb
 option[32]: -Xufe=2steps
 option[33]: -debug_access+all
 option[34]: -lca
 option[35]: -Xcbug=0x1
 option[36]: -P
 option[37]: /opt/eda/snps/verdi/P-2019.06-SP1-1/share/PLI/VCS/LINUX64/novas.tab
 option[38]: +define+DUMPFSDB
 option[39]: -cm
 option[40]: line+cond+tgl+fsm
 option[41]: -picarchive
 option[42]: +cli+1
 option[43]: -debug=1
 option[44]: +memcbk
 option[45]: -P
 option[46]: /opt/eda/snps/verdi/P-2019.06-SP1-1/share/PLI/VCS/LINUX64/verdi.tab
 option[47]: -fsdb
 option[48]: +vpi
 option[49]: -gen_obj
 option[50]: -f
 option[51]: run.f
 option[52]: -load
 option[53]: /opt/eda/snps/verdi/P-2019.06-SP1-1/share/PLI/VCS/LINUX64/libnovas.so:FSDBDumpCmd
Chronologic Simulation VCS Release R-2020.12-SP1_Full64
Linux 3.10.0-957.el7.x86_64 #1 SMP Thu Nov 8 23:39:32 UTC 2018 x86_64
CPU cores: 96
Limit information:
======================================
cputime		unlimited
filesize		unlimited
datasize		unlimited
stacksize		8192 kbytes
coredumpsize		0 kbytes
memoryuse		unlimited
vmemoryuse		unlimited
descriptors		4096
memorylocked		64 kbytes
maxproc		4096
======================================
(Special)Runtime environment variables:

Runtime environment variables:
K2_MASKCOMPOSE_HOME=/opt/eda/cdns/PVS191/tools/K2/MaskCompose
HARDWARE_PLATFORM=x86_64
XMODIFIERS=@im=none
SHELL=/bin/bash
VTE_VERSION=5202
_=/bin/make
K2_MC_DATA=/home/yangsiqi/Projects
HISTCONTROL=ignoredups
SNPSLMD_LICENSE_FILE=27000@eda12
MENTOR_HOME=/home/eda/mentor
XDG_DATA_DIRS=/home/yangsiqi/.local/share/flatpak/exports/share:/var/lib/flatpak/exports/share:/usr/local/share:/usr/share
PERL_MM_OPT=INSTALL_BASE=/home/yangsiqi/perl5
QRC_HOME=/opt/eda/cdns/QUANTUS201
QT_PLUGIN_PATH=/usr/lib64/kde4/plugins:/usr/lib/kde4/plugins
LESSOPEN=||/usr/bin/lesspipe.sh %s
CDSROOT=/opt/eda/cdns/IC618
ANSYSLIC_DIR=/opt/eda/AnsysEM/shared_files/licensing
QRC_MOS_LW_PRECISION=Y
CDS_LIC_ONLY=1
CDSDIR=/opt/eda/cdns/IC618
PATH=/opt/eda/snps/scl/2021.12/linux64/bin:/opt/eda/snps/syn/O-2018.06-SP5-4/bin:/opt/eda/snps/spyglass/P-2019.06-SP1-1/SPYGLASS_HOME/bin:/opt/eda/snps/verdi/P-2019.06-SP1-1/bin:/opt/eda/snps/vcs/R-2020.12-SP1/bin:/opt/sublime4:/home/eda/glory/EX-2021.11.SP1/bin:/home/eda/glory/EX-2021.11.SP1/tool/bin:/usr/git/bin:/home/eda/empyrean/bin:/opt/eda/keysight/ADS_2022/bin:/opt/eda/keysight/ICCAP_2020_Update2/bin:/opt/eda/keysight/MQA_2020.2.0/bin:/opt/eda/keysight/MBP_2022.0.1:/opt/eda/cdns/QUANTUS201/bin:/opt/eda/cdns/SPECTRE191/bin:/opt/eda/cdns/SPECTRE191/tools/relxpert/bin:/opt/eda/cdns/IC618/tools/dfII/bin:/opt/eda/cdns/IC618/tools/bin:/opt/eda/cdns/IC618/tools/plot/bin:/opt/eda/snps/scl/2018.06-SP1/linux64/bin:/home/eda/synopsys/SPX/SPX-Q-2019.12-SP2/bin:/opt/eda/snps/icwbev_plus/P-2019.03-SP2-1/bin:/home/eda/synopsys/Raphael/P-2019.03/bin:/opt/eda/snps/quickcap/L-2016.06/linux64/bin:/opt/eda/snps/cx/L-2016.06-SP1-1/bin:/opt/eda/snps/hspice/O-2018.09-SP2/hspice/bin:/opt/eda/snps/sentaurus/O_2018.06-SP2/bin:/opt/eda/MATLAB/R2020a/bin:/opt/eda/AnsysEM/AnsysEM21.1/Linux64:/opt/eda/snps/scl/2021.12/linux64/bin:/opt/eda/snps/syn/O-2018.06-SP5-4/bin:/opt/eda/snps/spyglass/P-2019.06-SP1-1/SPYGLASS_HOME/bin:/opt/eda/snps/verdi/P-2019.06-SP1-1/bin:/opt/eda/snps/vcs/R-2020.12-SP1/bin:/opt/sublime4:/usr/lib64/qt-3.3/bin:/home/yangsiqi/perl5/bin:/home/eda/glory/EX-2021.11.SP1/bin:/home/eda/glory/EX-2021.11.SP1/tool/bin:/usr/git/bin:/home/eda/empyrean/bin:/opt/eda/keysight/ADS_2022/bin:/opt/eda/keysight/ICCAP_2020_Update2/bin:/opt/eda/keysight/MQA_2020.2.0/bin:/opt/eda/keysight/MBP_2020.2.0:/opt/eda/cdns/QUANTUS201/bin:/opt/eda/cdns/SPECTRE191/bin:/opt/eda/cdns/SPECTRE191/tools/relxpert/bin:/opt/eda/cdns/IC618/tools/dfII/bin:/opt/eda/cdns/IC618/tools/bin:/opt/eda/cdns/IC618/tools/plot/bin:/opt/eda/snps/scl/2018.06-SP1/linux64/bin:/home/eda/synopsys/SPX/SPX-Q-2019.12-SP2/bin:/opt/eda/snps/icwbev_plus/P-2019.03-SP2-1/bin:/home/eda/synopsys/Raphael/P-2019.03/bin:/opt/eda/snps/quickcap/L-2016.06/linux64/bin:/opt/eda/snps/cx/L-2016.06-SP1-1/bin:/opt/eda/snps/hspice/O-2018.09-SP2/hspice/bin:/opt/eda/snps/sentaurus/O_2018.06-SP2/bin:/opt/eda/MATLAB/R2020a/bin:/opt/eda/AnsysEM/AnsysEM21.1/Linux64:/usr/local/bin:/bin:/usr/bin:/usr/local/sbin:/usr/sbin:/opt/eda/cdns/PVS191/bin:/opt/eda/cdns/PVS191/tools/bin:/opt/eda/cdns/PVS191/tools/K2/MaskCompose/bin:/opt/eda/cdns/INTEGRAND60/bin:/home/eda/mentor/Calibre2019/aoj_cal_2019.3_15.11/bin:/home/yangsiqi/.local/bin:/home/yangsiqi/bin:/opt/eda/cdns/PVS191/bin:/opt/eda/cdns/PVS191/tools/bin:/opt/eda/cdns/PVS191/tools/K2/MaskCompose/bin:/opt/eda/cdns/INTEGRAND60/bin:/home/eda/mentor/Calibre2019/aoj_cal_2019.3_15.11/bin
LM_LICENSE_FILE=/opt/eda/snps/synopsys.lic:27000@eda12
CDS_ROOT=/opt/eda/cdns/IC618
IWAVE_HOME=/home/eda/empyrean/tools/iwave
QT_GRAPHICSSYSTEM_CHECKED=1
SESSION_MANAGER=local/unix:@/tmp/.ICE-unix/24256,unix/unix:/tmp/.ICE-unix/24256
ANSYSLMD_LCENSE_FILE=/opt/eda/AnsysEM/shared_files/licensing/license_files/ansyslmd.lic
MGC_CALIBRE_SCHEMATIC_SERVER=eda12:9199
XDG_RUNTIME_DIR=/run/user/1008
CDS_AUTO_64BIT=ALL
MGC_PDF_READER=evince
XDG_MENU_PREFIX=gnome-
EMPYREAN_HOME=/home/eda/empyrean
K2_VIEWER_HOME=/opt/eda/cdns/PVS191/tools/K2/Viewer
LS_COLORS=rs=0:di=38;5;27:ln=38;5;51:mh=44;38;5;15:pi=40;38;5;11:so=38;5;13:do=38;5;5:bd=48;5;232;38;5;11:cd=48;5;232;38;5;3:or=48;5;232;38;5;9:mi=05;48;5;232;38;5;15:su=48;5;196;38;5;15:sg=48;5;11;38;5;16:ca=48;5;196;38;5;226:tw=48;5;10;38;5;16:ow=48;5;10;38;5;21:st=48;5;21;38;5;15:ex=38;5;34:*.tar=38;5;9:*.tgz=38;5;9:*.arc=38;5;9:*.arj=38;5;9:*.taz=38;5;9:*.lha=38;5;9:*.lz4=38;5;9:*.lzh=38;5;9:*.lzma=38;5;9:*.tlz=38;5;9:*.txz=38;5;9:*.tzo=38;5;9:*.t7z=38;5;9:*.zip=38;5;9:*.z=38;5;9:*.Z=38;5;9:*.dz=38;5;9:*.gz=38;5;9:*.lrz=38;5;9:*.lz=38;5;9:*.lzo=38;5;9:*.xz=38;5;9:*.bz2=38;5;9:*.bz=38;5;9:*.tbz=38;5;9:*.tbz2=38;5;9:*.tz=38;5;9:*.deb=38;5;9:*.rpm=38;5;9:*.jar=38;5;9:*.war=38;5;9:*.ear=38;5;9:*.sar=38;5;9:*.rar=38;5;9:*.alz=38;5;9:*.ace=38;5;9:*.zoo=38;5;9:*.cpio=38;5;9:*.7z=38;5;9:*.rz=38;5;9:*.cab=38;5;9:*.jpg=38;5;13:*.jpeg=38;5;13:*.gif=38;5;13:*.bmp=38;5;13:*.pbm=38;5;13:*.pgm=38;5;13:*.ppm=38;5;13:*.tga=38;5;13:*.xbm=38;5;13:*.xpm=38;5;13:*.tif=38;5;13:*.tiff=38;5;13:*.png=38;5;13:*.svg=38;5;13:*.svgz=38;5;13:*.mng=38;5;13:*.pcx=38;5;13:*.mov=38;5;13:*.mpg=38;5;13:*.mpeg=38;5;13:*.m2v=38;5;13:*.mkv=38;5;13:*.webm=38;5;13:*.ogm=38;5;13:*.mp4=38;5;13:*.m4v=38;5;13:*.mp4v=38;5;13:*.vob=38;5;13:*.qt=38;5;13:*.nuv=38;5;13:*.wmv=38;5;13:*.asf=38;5;13:*.rm=38;5;13:*.rmvb=38;5;13:*.flc=38;5;13:*.avi=38;5;13:*.fli=38;5;13:*.flv=38;5;13:*.gl=38;5;13:*.dl=38;5;13:*.xcf=38;5;13:*.xwd=38;5;13:*.yuv=38;5;13:*.cgm=38;5;13:*.emf=38;5;13:*.axv=38;5;13:*.anx=38;5;13:*.ogv=38;5;13:*.ogx=38;5;13:*.aac=38;5;45:*.au=38;5;45:*.flac=38;5;45:*.mid=38;5;45:*.midi=38;5;45:*.mka=38;5;45:*.mp3=38;5;45:*.mpc=38;5;45:*.ogg=38;5;45:*.ra=38;5;45:*.wav=38;5;45:*.axa=38;5;45:*.oga=38;5;45:*.spx=38;5;45:*.xspf=38;5;45:
MGC_CALIBRE_LAYOUT_SERVER=eda12:9189
SSH_AUTH_SOCK=/run/user/1008/keyring/ssh
KDEDIRS=/usr
DISPLAY=:5
MGC_HOME=/home/eda/mentor/Calibre2019/aoj_cal_2019.3_15.11
GTK_IM_MODULE=gtk-im-context-simple
IMSETTINGS_INTEGRATE_DESKTOP=yes
HOME=/home/yangsiqi
VCS_HOME=/opt/eda/snps/vcs/R-2020.12-SP1
PWD=/home/yangsiqi/coding/example/xor
QT_QPA_PLATFORM_PLUGIN_PATH=/home/eda/glory/EX-2021.11.SP1/tool/lib/lib_qt/plugins
GLORYEX=/home/eda/glory/EX-2021.11.SP1
SSH_AGENT_PID=25422
HISTTIMEFORMAT=[%F %T] 
CALIBRE_HOME=/home/eda/mentor/Calibre2019/aoj_cal_2019.3_15.11
VERDI_HOME=/opt/eda/snps/verdi/P-2019.06-SP1-1
MGLS_LICENSE_FILE=/home/eda/mentor/Calibre2019/lic/mgc_license.dat
DBUS_SESSION_BUS_ADDRESS=unix:abstract=/tmp/dbus-JZcYzb6v7I,guid=39e65622425624857b7c10c5625a317a
SYNOPSYS=/opt/eda/snps
LD_LIBRARY_PATH=/opt/eda/snps/verdi/P-2019.06-SP1-1/share/PLI/VCS/linux64:/home/eda/glory/EX-2021.11.SP1/tool/lib/oa/lib_oa/lib/lib_64:/home/eda/glory/EX-2021.11.SP1/tool/lib/lib_boost:/home/eda/glory/EX-2021.11.SP1/tool/lib/lib_icu:/home/eda/glory/EX-2021.11.SP1/tool/lib/lib_math:/home/eda/glory/EX-2021.11.SP1/tool/lib/lib_mpi
PERL_LOCAL_LIB_ROOT=:/home/yangsiqi/perl5
PERL5LIB=/home/yangsiqi/perl5/lib/perl5:
LOGNAME=yangsiqi
TERM=xterm-256color
K2_HOME=/opt/eda/cdns/PVS191/tools/K2
QT_QPA_FONTDIR=/home/eda/glory/EX-2021.11.SP1/tool/lib/lib_qt/fonts
CDS_LIC_FILE=/opt/eda/cdns/lic/ecnu.lic
GNOME_DESKTOP_SESSION_ID=this-is-deprecated
ICCAP_LICENSE_FILE=27001@eda12
HOSTNAME=eda12
MQA_LICENSE_FILE=27001@eda12
COLORTERM=truecolor
QT_IM_MODULE=xim
XKEYSYMDB=/opt/eda/cdns/IC618/tools/plot/etc/XKeysymDB
VCS_ARCH_OVERRIDE=linux
SHLVL=4
XMODEL_HOME=/home/eda/empyrean/tools/xmodel
GNOME_SHELL_SESSION_MODE=classic
XDG_SESSION_ID=c7
USER=yangsiqi
MBP_LICENSE_FILE=27001@eda12
QTLIB=/usr/lib64/qt-3.3/lib
ALPSCD_HOME=/home/eda/empyrean/tools/alpscd
XDG_CURRENT_DESKTOP=GNOME
PHLEXING_LICENSE_FILE=55555@eda12
VNCDESKTOP=yangsiqi
CDS=/opt/eda/cdns/IC618
CDS_LOAD_ENV=CWD
OLDPWD=/home/yangsiqi/coding/example/try_fifo
IMSETTINGS_MODULE=none
MAKEFLAGS=
MFLAGS=
MAIL=/var/spool/mail/yangsiqi
SPYGLASS_HOME=/opt/eda/snps/spyglass/P-2019.06-SP1-1/SPYGLASS_HOME
DC_HOME=/opt/eda/snps/syn/O-2018.06-SP5-4
CADHOME=/opt/eda/cdns
ADS_LICENSE_FILE=27001@eda12
MGC_LIB_PATH=/home/eda/mentor/Calibre2019/aoj_cal_2019.3_15.11/lib
CDSHOME=/opt/eda/cdns/IC618
CADENCE_DIR=/opt/eda/cdns/IC618
MMSIMHOME=/opt/eda/cdns/SPECTRE191
PERL_MB_OPT=--install_base /home/yangsiqi/perl5
PS1=\[\e[30;1m\][\u@\H $PWD] \[\e[34;1m\]\d \t\n   \[\e[0m\]-> 
NOVAS_HOME=/opt/eda/snps/verdi/P-2019.06-SP1-1
GNOME_TERMINAL_SCREEN=/org/gnome/Terminal/screen/3e61da7e_febe_465c_9065_4c007075fa8b
GNOME_TERMINAL_SERVICE=:1.96
HISTSIZE=1000
CDS_Netlisting_Mode=Analog
ALPS_HOME=/home/eda/empyrean/tools/alps
CDS_INST_DIR=/opt/eda/cdns/IC618
QTINC=/usr/lib64/qt-3.3/include
STROOT=/opt/eda/snps/sentaurus/O_2018.06-SP2
QTDIR=/usr/lib64/qt-3.3
CDS_ENABLE_VMS=1
LANG=C
MGC_CALIBRE_SAVE_ALL_RUNSET_VALUES=1
ICCAP_ROOT=/opt/eda/keysight/ICCAP_2020_Update2
MAKELEVEL=1
VCS_PATHMAP_PRELOAD_DONE=1
VCS_STACK_EXEC=true
VCS_EXEC_DONE=1
LC_ALL=C
DVE=/opt/eda/snps/vcs/R-2020.12-SP1/gui/dve
SPECMAN_OUTPUT_TO_TTY=1
FLEXLM_BORROWFILE=/home/yangsiqi/.eda12-borrow.txt
Runtime command line arguments:
argv[0]=./simv
argv[1]=+fsdbfile+top_tb.fsdb
argv[2]=-cm
argv[3]=line+cond+tgl+fsm
argv[4]=-l
argv[5]=sim.log
304 profile - 100
          CPU/Mem usage: 0.050 sys,  0.220 user,  301.08M mem
305 Elapsed time:    0:00:01    Fri Apr 29 18:09:39 2022
306 pliAppInit
307 FSDB_GATE is set.
308 FSDB_RTL is set.
309 FSDB_RTL is set.
310 FSDB_FIELDTYPE is set.
311 Enable Parallel Dumping.
312 pliAppMiscSet: New Sim Round
313 pliEntryInit
314 LIBSSCORE=found /opt/eda/snps/verdi/P-2019.06-SP1-1/share/PLI/lib/LINUXAMD64/libsscore_vcs201906.so through $NOVAS_HOME setting.
315 FSDB Dumper for VCS, Release Verdi_P-2019.06-SP1-1, Linux x86_64/64bit, 10/14/2019
316 (C) 1996 - 2019 by Synopsys, Inc.
317 ***********************************************************************
318 *  ERROR -                                                            *
319 *  The simulator version is newer than the FSDB dumper version which  *
320 *  may cause abnormal behavior, please contact Synopsys support for   *
321 *  assistance.                                                        *
322 ***********************************************************************
323 sps_call_fsdbDumpfile_main at 0 : /home/lixianglong/xor/tb.v(39)
324 argv[0]: (tb.fsdb)
325 *Verdi* : Create FSDB file 'top_tb.fsdb'
326 compile option from '/home/yangsiqi/coding/example/xor/simv.daidir/vcs_rebuild'.
327   "vcs '-full64' '-debug_access' '-f' 'run.f' '-kdb' '-debug_access+all' '-lca' '-debug_pp' '-P' '/opt/eda/snps/verdi/P-2019.06-SP1-1/share/PLI/VCS/LINUX64/novas.tab' '/opt/eda/snps/verdi/P-2019.06-SP1-1/share/PLI/VCS/LINUX64/pli.a' '+define+DUMPFSDB' '-cm' 'line+cond+tgl+fsm' '-l' 'comp.log' 2>&1"
328 DVDI_is_vir_unload_enabled is enable
329 FSDB_VCS_ENABLE_NATIVE_VC is enable
330 sps_call_fsdbDumpvars_vd_main at 0 : /home/lixianglong/xor/tb.v(40)
331 argv[0]: (+all)
332 [spi_vcs_vd_ppi_create_root]: no upf option
333 FSDB dumper cannot dump UPF related power signal ($power_tree): no ppiPowerNetwork.
334 Power dumping is enabled and VIR_REDUCTION may not work.
335 *Verdi* : Begin traversing the scopes, layer (0).
336 *Verdi* : Enable +all dumping.
337 *Verdi* : End of traversing.
338 pliAppHDL_DumpVarComplete traverse var: profile - 
          CPU/Mem usage: 0.060 sys,  0.220 user,  400.52M mem
                   incr: 0.000 sys,  0.000 user,  7.69M mem
                   accu: 0.000 sys,  0.000 user,  7.69M mem
              accu incr: 0.000 sys,  0.000 user,  7.69M mem

          Count usage: 20 var,  14 idcode,  7 callback
                 incr: 20 var,  14 idcode,  7 callback
                 accu: 20 var,  14 idcode,  7 callback
            accu incr: 20 var,  14 idcode,  7 callback
339 Elapsed time:    0:00:01    Fri Apr 29 18:09:39 2022
340 pliAppHDL_DumpVarComplete: profile - 
          CPU/Mem usage: 0.060 sys,  0.220 user,  401.58M mem
                   incr: 0.000 sys,  0.000 user,  1.05M mem
                   accu: 0.000 sys,  0.000 user,  8.74M mem
              accu incr: 0.000 sys,  0.000 user,  1.05M mem

          Count usage: 20 var,  14 idcode,  7 callback
                 incr: 0 var,  0 idcode,  0 callback
                 accu: 20 var,  14 idcode,  7 callback
            accu incr: 0 var,  0 idcode,  0 callback
341 Elapsed time:    0:00:01    Fri Apr 29 18:09:39 2022
342 End of simulation at 253
343 Elapsed time:    0:00:01    Fri Apr 29 18:09:39 2022
344 Begin FSDB profile info:
345 FSDB Writer : bc1(112) bcn(0) mtf/stf(0/0)
FSDB Writer elapsed time : flush(0.001299) io wait(0.000000) theadpool wait(0.000000) target functin(0.000000)
FSDB Writer cpu time : MT Compression : 0
346 End FSDB profile info
347 Parallel profile    -  Flush:3 Expand:0 ProduceWait:0 ConsumerWait:0 BlockUsed:1
348                        ProduceTime:0.293965772 ConsumerTime:0.000000000 Buffer:64MB
349 SimExit
350 Elapsed time:    0:00:01    Fri Apr 29 18:09:39 2022
351 Sim process exit
